
T0948 1785:516 SEGGER J-Link V6.18a Log File (0001ms, 4718ms total)
T0948 1785:516 DLL Compiled: Aug 11 2017 17:53:19 (0001ms, 4718ms total)
T0948 1785:516 Logging started @ 2018-03-20 22:46 (0001ms, 4718ms total)
T0948 1785:527 JLINK_ExecCommand("Device = ATSAMD21E18A", ...).   returns 0x00 (0001ms, 4719ms total)
T0948 1785:536 JLINK_ExecCommand("ProjectFile = H:\Capstone\programming\tx board\txboard\jlink.config", ...).   returns 0x00 (0002ms, 4721ms total)
T0948 1785:538 JLINK_ExecCommand("ShowControlPanel", ...).   returns 0x00 (0019ms, 4740ms total)
T1E70 1785:538 
  ***** Error: Connection to emulator lost! (598329ms, 603069ms total)
T0A9C 2384:072 JLINK_EMU_GetList(InterfaceMask = 0x00000001, MaxInfos = 0x00000032)   returns 0x00 (0001ms, 4741ms total)
T0A9C 2384:073 JLINK_EMU_GetList(InterfaceMask = 0x00000002, MaxInfos = 0x00000032)   returns 0x00 (0045ms, 4786ms total)
T0A9C 2385:330 JLINK_EMU_GetList(InterfaceMask = 0x00000001, MaxInfos = 0x00000032)   returns 0x00 (0000ms, 4786ms total)
T0A9C 2385:330 JLINK_EMU_GetList(InterfaceMask = 0x00000002, MaxInfos = 0x00000032)   returns 0x00 (0045ms, 4831ms total)
T0A9C 2386:599 JLINK_EMU_GetList(InterfaceMask = 0x00000001, MaxInfos = 0x00000032)   returns 0x00 (0000ms, 4831ms total)
T0A9C 2386:599 JLINK_EMU_GetList(InterfaceMask = 0x00000002, MaxInfos = 0x00000032)   returns 0x00 (0045ms, 4876ms total)
T0A9C 2387:891 JLINK_EMU_GetList(InterfaceMask = 0x00000001, MaxInfos = 0x00000032)   returns 0x00 (0000ms, 4876ms total)
T0A9C 2387:891 JLINK_EMU_GetList(InterfaceMask = 0x00000002, MaxInfos = 0x00000032)   returns 0x00 (0045ms, 4921ms total)
T0A9C 2389:116 JLINK_EMU_GetList(InterfaceMask = 0x00000001, MaxInfos = 0x00000032)   returns 0x00 (0000ms, 4921ms total)
T0A9C 2389:116 JLINK_EMU_GetList(InterfaceMask = 0x00000002, MaxInfos = 0x00000032)   returns 0x00 (0045ms, 4966ms total)
T0A9C 2390:339 JLINK_EMU_GetList(InterfaceMask = 0x00000001, MaxInfos = 0x00000032)   returns 0x00 (0000ms, 4966ms total)
T0A9C 2390:339 JLINK_EMU_GetList(InterfaceMask = 0x00000002, MaxInfos = 0x00000032)   returns 0x00 (0045ms, 5011ms total)
T0A9C 2391:579 JLINK_EMU_GetList(InterfaceMask = 0x00000001, MaxInfos = 0x00000032)   returns 0x00 (0000ms, 5011ms total)
T0A9C 2391:579 JLINK_EMU_GetList(InterfaceMask = 0x00000002, MaxInfos = 0x00000032)   returns 0x00 (0045ms, 5056ms total)
T0A9C 2392:801 JLINK_EMU_GetList(InterfaceMask = 0x00000001, MaxInfos = 0x00000032)   returns 0x00 (0000ms, 5056ms total)
T0A9C 2392:801 JLINK_EMU_GetList(InterfaceMask = 0x00000002, MaxInfos = 0x00000032)   returns 0x00 (0045ms, 5101ms total)
T0A9C 2394:020 JLINK_EMU_GetList(InterfaceMask = 0x00000001, MaxInfos = 0x00000032)   returns 0x00 (0000ms, 5101ms total)
T0A9C 2394:020 JLINK_EMU_GetList(InterfaceMask = 0x00000002, MaxInfos = 0x00000032)   returns 0x00 (0045ms, 5146ms total)
T0A9C 2395:261 JLINK_EMU_GetList(InterfaceMask = 0x00000001, MaxInfos = 0x00000032)   returns 0x00 (0000ms, 5146ms total)
T0A9C 2395:261 JLINK_EMU_GetList(InterfaceMask = 0x00000002, MaxInfos = 0x00000032)   returns 0x00 (0045ms, 5191ms total)
T0A9C 2396:489 JLINK_EMU_GetList(InterfaceMask = 0x00000001, MaxInfos = 0x00000032)   returns 0x00 (0000ms, 5191ms total)
T0A9C 2396:489 JLINK_EMU_GetList(InterfaceMask = 0x00000002, MaxInfos = 0x00000032)   returns 0x00 (0045ms, 5236ms total)
T0A9C 2397:711 JLINK_EMU_GetList(InterfaceMask = 0x00000001, MaxInfos = 0x00000032)   returns 0x00 (0000ms, 5236ms total)
T0A9C 2397:711 JLINK_EMU_GetList(InterfaceMask = 0x00000002, MaxInfos = 0x00000032)   returns 0x00 (0045ms, 5281ms total)
T0A9C 2398:932 JLINK_EMU_GetList(InterfaceMask = 0x00000001, MaxInfos = 0x00000032)   returns 0x00 (0001ms, 5282ms total)
T0A9C 2398:933 JLINK_EMU_GetList(InterfaceMask = 0x00000002, MaxInfos = 0x00000032)   returns 0x00 (0045ms, 5327ms total)
T0A9C 2400:167 JLINK_EMU_GetList(InterfaceMask = 0x00000001, MaxInfos = 0x00000032)   returns 0x00 (0000ms, 5327ms total)
T0A9C 2400:167 JLINK_EMU_GetList(InterfaceMask = 0x00000002, MaxInfos = 0x00000032)   returns 0x00 (0045ms, 5372ms total)
T0A9C 2401:388 JLINK_EMU_GetList(InterfaceMask = 0x00000001, MaxInfos = 0x00000032)   returns 0x00 (0000ms, 5372ms total)
T0A9C 2401:388 JLINK_EMU_GetList(InterfaceMask = 0x00000002, MaxInfos = 0x00000032)   returns 0x00 (0048ms, 5420ms total)
T0A9C 2402:643 JLINK_EMU_GetList(InterfaceMask = 0x00000001, MaxInfos = 0x00000032)   returns 0x00 (0000ms, 5420ms total)
T0A9C 2402:643 JLINK_EMU_GetList(InterfaceMask = 0x00000002, MaxInfos = 0x00000032)   returns 0x00 (0045ms, 5465ms total)
T0A9C 2403:867 JLINK_EMU_GetList(InterfaceMask = 0x00000001, MaxInfos = 0x00000032)   returns 0x00 (0000ms, 5465ms total)
T0A9C 2403:867 JLINK_EMU_GetList(InterfaceMask = 0x00000002, MaxInfos = 0x00000032)   returns 0x00 (0045ms, 5510ms total)
T0A9C 2405:092 JLINK_EMU_GetList(InterfaceMask = 0x00000001, MaxInfos = 0x00000032)   returns 0x00 (0000ms, 5510ms total)
T0A9C 2405:092 JLINK_EMU_GetList(InterfaceMask = 0x00000002, MaxInfos = 0x00000032)   returns 0x00 (0045ms, 5555ms total)
T0A9C 2406:322 JLINK_EMU_GetList(InterfaceMask = 0x00000001, MaxInfos = 0x00000032)   returns 0x00 (0000ms, 5555ms total)
T0A9C 2406:322 JLINK_EMU_GetList(InterfaceMask = 0x00000002, MaxInfos = 0x00000032)   returns 0x00 (0045ms, 5600ms total)
T0A9C 2407:541 JLINK_EMU_GetList(InterfaceMask = 0x00000001, MaxInfos = 0x00000032)   returns 0x00 (0001ms, 5601ms total)
T0A9C 2407:542 JLINK_EMU_GetList(InterfaceMask = 0x00000002, MaxInfos = 0x00000032)   returns 0x00 (0045ms, 5646ms total)
T0A9C 2408:771 JLINK_EMU_GetList(InterfaceMask = 0x00000001, MaxInfos = 0x00000032)   returns 0x00 (0000ms, 5646ms total)
T0A9C 2408:771 JLINK_EMU_GetList(InterfaceMask = 0x00000002, MaxInfos = 0x00000032)   returns 0x00 (0045ms, 5691ms total)
T0A9C 2410:038 JLINK_EMU_GetList(InterfaceMask = 0x00000001, MaxInfos = 0x00000032)   returns 0x00 (0000ms, 5691ms total)
T0A9C 2410:038 JLINK_EMU_GetList(InterfaceMask = 0x00000002, MaxInfos = 0x00000032)   returns 0x00 (0045ms, 5736ms total)
T0A9C 2411:276 JLINK_EMU_GetList(InterfaceMask = 0x00000001, MaxInfos = 0x00000032)   returns 0x00 (0000ms, 5736ms total)
T0A9C 2411:276 JLINK_EMU_GetList(InterfaceMask = 0x00000002, MaxInfos = 0x00000032)   returns 0x00 (0045ms, 5781ms total)
T0A9C 2412:500 JLINK_EMU_GetList(InterfaceMask = 0x00000001, MaxInfos = 0x00000032)   returns 0x00 (0000ms, 5781ms total)
T0A9C 2412:500 JLINK_EMU_GetList(InterfaceMask = 0x00000002, MaxInfos = 0x00000032)   returns 0x00 (0045ms, 5826ms total)
T0A9C 2413:761 JLINK_EMU_GetList(InterfaceMask = 0x00000001, MaxInfos = 0x00000032)   returns 0x00 (0000ms, 5826ms total)
T0A9C 2413:761 JLINK_EMU_GetList(InterfaceMask = 0x00000002, MaxInfos = 0x00000032)   returns 0x00 (0045ms, 5871ms total)
